<?xml version="1.0" encoding="UTF-8"?>
<testsuite xmlns:xsi="http://www.w3.org/2001/XMLSchema-instance" xsi:noNamespaceSchemaLocation="https://maven.apache.org/surefire/maven-surefire-plugin/xsd/surefire-test-report-3.0.xsd" version="3.0" name="model.enemies.FastEnemyTest" time="0.098" tests="5" errors="0" skipped="0" failures="0">
  <properties>
[...]
</properties>
  <testcase name="enemyTakesDamage" classname="model.enemies.FastEnemyTest" time="0.082">
    <system-out><![CDATA[state: service.game_state.state_pattern.MainMenuState@7859e786
Inside loop
Draw called
MainMenuStare
GameRenderer
MainMenuRenderer
state: service.game_state.state_pattern.MainMenuState@1601e47
Inside loop
Draw called
MainMenuStare
GameRenderer
MainMenuRenderer
state: service.game_state.state_pattern.MainMenuState@7859e786
Inside loop
Draw called
MainMenuStare
GameRenderer
MainMenuRenderer
state: service.game_state.state_pattern.MainMenuState@1601e47
Inside loop
Draw called
MainMenuStare
GameRenderer
MainMenuRenderer
state: service.game_state.state_pattern.MainMenuState@7859e786
Inside loop
Draw called
MainMenuStare
GameRenderer
MainMenuRenderer
state: service.game_state.state_pattern.MainMenuState@1601e47
Inside loop
Draw called
MainMenuStare
GameRenderer
MainMenuRenderer
state: service.game_state.state_pattern.MainMenuState@7859e786
Inside loop
Draw called
MainMenuStare
GameRenderer
MainMenuRenderer
state: service.game_state.state_pattern.MainMenuState@1601e47
Inside loop
Draw called
MainMenuStare
GameRenderer
MainMenuRenderer
state: service.game_state.state_pattern.MainMenuState@7859e786
Inside loop
Draw called
MainMenuStare
GameRenderer
MainMenuRenderer
state: service.game_state.state_pattern.MainMenuState@1601e47
Inside loop
Draw called
MainMenuStare
GameRenderer
MainMenuRenderer
]]></system-out>
    <system-err><![CDATA[апр. 25, 2025 9:31:05 PM java.awt.EventDispatchThread pumpOneEventForFilters
FINEST: Dispatching: java.awt.event.InvocationEvent[INVOCATION_DEFAULT,runnable=core.game_loop.GameLoop$$Lambda/0x000001e8c8182088@3b888181,notifier=null,catchExceptions=false,when=1745609465303] on sun.awt.windows.WToolkit@7ec307c2
апр. 25, 2025 9:31:05 PM java.awt.EventDispatchThread pumpOneEventForFilters
FINEST: Dispatching: java.awt.event.InvocationEvent[INVOCATION_DEFAULT,runnable=core.game_loop.GameLoop$$Lambda/0x000001e8c8182088@2dfe6b5,notifier=null,catchExceptions=false,when=1745609465308] on sun.awt.windows.WToolkit@7ec307c2
апр. 25, 2025 9:31:05 PM java.awt.EventDispatchThread pumpOneEventForFilters
FINEST: Dispatching: java.awt.event.InvocationEvent[INVOCATION_DEFAULT,runnable=core.game_loop.GameLoop$$Lambda/0x000001e8c8182088@1b5a2544,notifier=null,catchExceptions=false,when=1745609465320] on sun.awt.windows.WToolkit@7ec307c2
апр. 25, 2025 9:31:05 PM java.awt.EventDispatchThread pumpOneEventForFilters
FINEST: Dispatching: java.awt.event.InvocationEvent[INVOCATION_DEFAULT,runnable=core.game_loop.GameLoop$$Lambda/0x000001e8c8182088@26610211,notifier=null,catchExceptions=false,when=1745609465326] on sun.awt.windows.WToolkit@7ec307c2
апр. 25, 2025 9:31:05 PM java.awt.EventDispatchThread pumpOneEventForFilters
FINEST: Dispatching: java.awt.event.InvocationEvent[INVOCATION_DEFAULT,runnable=core.game_loop.GameLoop$$Lambda/0x000001e8c8182088@599a0bd5,notifier=null,catchExceptions=false,when=1745609465338] on sun.awt.windows.WToolkit@7ec307c2
апр. 25, 2025 9:31:05 PM java.awt.EventDispatchThread pumpOneEventForFilters
FINEST: Dispatching: java.awt.event.InvocationEvent[INVOCATION_DEFAULT,runnable=core.game_loop.GameLoop$$Lambda/0x000001e8c8182088@240da41d,notifier=null,catchExceptions=false,when=1745609465343] on sun.awt.windows.WToolkit@7ec307c2
апр. 25, 2025 9:31:05 PM java.awt.EventDispatchThread pumpOneEventForFilters
FINEST: Dispatching: java.awt.event.InvocationEvent[INVOCATION_DEFAULT,runnable=core.game_loop.GameLoop$$Lambda/0x000001e8c8182088@6eb7d5dd,notifier=null,catchExceptions=false,when=1745609465354] on sun.awt.windows.WToolkit@7ec307c2
апр. 25, 2025 9:31:05 PM java.awt.EventDispatchThread pumpOneEventForFilters
FINEST: Dispatching: java.awt.event.InvocationEvent[INVOCATION_DEFAULT,runnable=core.game_loop.GameLoop$$Lambda/0x000001e8c8182088@40e83390,notifier=null,catchExceptions=false,when=1745609465360] on sun.awt.windows.WToolkit@7ec307c2
апр. 25, 2025 9:31:05 PM java.awt.EventDispatchThread pumpOneEventForFilters
FINEST: Dispatching: java.awt.event.InvocationEvent[INVOCATION_DEFAULT,runnable=core.game_loop.GameLoop$$Lambda/0x000001e8c8182088@49a54cfb,notifier=null,catchExceptions=false,when=1745609465370] on sun.awt.windows.WToolkit@7ec307c2
апр. 25, 2025 9:31:05 PM java.awt.EventDispatchThread pumpOneEventForFilters
FINEST: Dispatching: java.awt.event.InvocationEvent[INVOCATION_DEFAULT,runnable=core.game_loop.GameLoop$$Lambda/0x000001e8c8182088@c1249e,notifier=null,catchExceptions=false,when=1745609465377] on sun.awt.windows.WToolkit@7ec307c2
]]></system-err>
  </testcase>
  <testcase name="enemyInitializesCorrectly" classname="model.enemies.FastEnemyTest" time="0.002"/>
  <testcase name="getShapeShouldReturnShape" classname="model.enemies.FastEnemyTest" time="0.004">
    <system-out><![CDATA[state: service.game_state.state_pattern.MainMenuState@7859e786
Inside loop
Draw called
MainMenuStare
GameRenderer
MainMenuRenderer
]]></system-out>
    <system-err><![CDATA[апр. 25, 2025 9:31:05 PM java.awt.EventDispatchThread pumpOneEventForFilters
FINEST: Dispatching: java.awt.event.InvocationEvent[INVOCATION_DEFAULT,runnable=core.game_loop.GameLoop$$Lambda/0x000001e8c8182088@50880066,notifier=null,catchExceptions=false,when=1745609465389] on sun.awt.windows.WToolkit@7ec307c2
]]></system-err>
  </testcase>
  <testcase name="enemyDiesWhenHpZero" classname="model.enemies.FastEnemyTest" time="0.002"/>
  <testcase name="enemyMovesWhileUpdated" classname="model.enemies.FastEnemyTest" time="0.002">
    <system-out><![CDATA[state: service.game_state.state_pattern.MainMenuState@1601e47
Inside loop
Draw called
MainMenuStare
GameRenderer
MainMenuRenderer
]]></system-out>
  </testcase>
</testsuite>